<?xml version="1.0" encoding="UTF-8"?>
<!-- Generated by org.testng.reporters.JUnitXMLReporter -->
<testsuite hostname="DESKTOP-H984LVP" ignored="0" name="Testff" tests="1" failures="1" timestamp="09 Aug 2018 07:50:02 GMT" time="0.297" errors="0">
  <testcase name="test" time="0.281" classname="qsp.paralleltestng">
    <failure type="java.lang.IllegalStateException" message="The path to the driver executable must be set by the webdriver.gecko.driver system property; for more information, see https://github.com/mozilla/geckodriver. The latest version can be downloaded from https://github.com/mozilla/geckodriver/releases">
      <![CDATA[java.lang.IllegalStateException: The path to the driver executable must be set by the webdriver.gecko.driver system property; for more information, see https://github.com/mozilla/geckodriver. The latest version can be downloaded from https://github.com/mozilla/geckodriver/releasesat com.google.common.base.Preconditions.checkState(Preconditions.java:754)at org.openqa.selenium.remote.service.DriverService.findExecutable(DriverService.java:124)at org.openqa.selenium.firefox.GeckoDriverService.access$100(GeckoDriverService.java:40)at org.openqa.selenium.firefox.GeckoDriverService$Builder.findDefaultExecutable(GeckoDriverService.java:114)at org.openqa.selenium.remote.service.DriverService$Builder.build(DriverService.java:329)at org.openqa.selenium.firefox.FirefoxDriver.toExecutor(FirefoxDriver.java:150)at org.openqa.selenium.firefox.FirefoxDriver.<init>(FirefoxDriver.java:120)at org.openqa.selenium.firefox.FirefoxDriver.<init>(FirefoxDriver.java:98)at qsp.paralleltestng.test(paralleltestng.java:29)... Removed 25 stack frames]]>
    </failure>
  </testcase> <!-- test -->
</testsuite> <!-- Testff -->
